<?xml version="1.0" encoding="UTF-8"?>
<!-- Generated by org.testng.reporters.JUnitReportReporter -->
<testsuite skipped="0" hostname="vinothinis-Air" name="instaworkAssignment1.multibrowser" tests="2" failures="0" timestamp="14 Jan 2018 11:10:54 GMT" time="4.340" errors="0">
  <testcase name="f" time="2.549" classname="instaworkAssignment1.multibrowser"/>
  <testcase name="f" time="1.791" classname="instaworkAssignment1.multibrowser"/>
</testsuite> <!-- instaworkAssignment1.multibrowser -->
